<?xml version="1.0" encoding="UTF-8"?>
<!-- Generated by org.testng.reporters.JUnitReportReporter -->
<testsuite hostname="DESKTOP-A4EDOSB" failures="0" tests="2" name="test_scripts.Login_Script" time="4.388" errors="0" timestamp="2023-05-25T13:57:22 IST" skipped="0">
  <testcase classname="test_scripts.Login_Script" name="validLogin" time="2.595"/>
  <system-out/>
  <testcase classname="test_scripts.Login_Script" name="validLogin" time="1.793"/>
  <system-out/>
</testsuite> <!-- test_scripts.Login_Script -->
